<?xml version="1.0" encoding="UTF-8"?>
<testng-results ignored="0" total="2" passed="2" failed="0" skipped="0">
  <reporter-output>
  </reporter-output>
  <suite started-at="2025-08-26T10:10:21 IST" name="test" finished-at="2025-08-26T10:10:44 IST" duration-ms="23531">
    <groups>
    </groups>
    <test started-at="2025-08-26T10:10:21 IST" name="test" finished-at="2025-08-26T10:10:44 IST" duration-ms="23531">
      <class name="jenkins_package.NewTest3">
        <test-method signature="f()[pri:0, instance:jenkins_package.NewTest3@23348b5d]" started-at="2025-08-26T10:10:21 IST" name="f" finished-at="2025-08-26T10:10:30 IST" duration-ms="8893" status="PASS">
          <reporter-output>
          </reporter-output>
        </test-method> <!-- f -->
      </class> <!-- jenkins_package.NewTest3 -->
      <class name="jenkins_package.NewTest2">
        <test-method signature="f()[pri:0, instance:jenkins_package.NewTest2@6f4a47c7]" started-at="2025-08-26T10:10:30 IST" name="f" finished-at="2025-08-26T10:10:44 IST" duration-ms="14478" status="PASS">
          <reporter-output>
          </reporter-output>
        </test-method> <!-- f -->
      </class> <!-- jenkins_package.NewTest2 -->
    </test> <!-- test -->
  </suite> <!-- test -->
</testng-results>
